2018-10-25 14:17:07,091 - __main__ - INFO - --------------------------------------------------
2018-10-25 14:17:07,091 - __main__ - INFO - ..................................................
2018-10-25 14:17:07,091 - __main__ - INFO - memo: 
2018-10-25 14:17:07,091 - __main__ - INFO - ..................................................
2018-10-25 14:17:07,091 - __main__ - INFO - --------------------------------------------------
2018-10-25 14:17:26,985 - __main__ - INFO - --------------------------------------------------
2018-10-25 14:17:26,985 - __main__ - INFO - ..................................................
2018-10-25 14:17:26,985 - __main__ - INFO - memo: 
2018-10-25 14:17:26,985 - __main__ - INFO - ..................................................
2018-10-25 14:17:26,985 - __main__ - INFO - --------------------------------------------------
2018-10-25 14:17:45,582 - __main__ - INFO - --------------------------------------------------
2018-10-25 14:17:45,582 - __main__ - INFO - ..................................................
2018-10-25 14:17:45,582 - __main__ - INFO - memo: 
2018-10-25 14:17:45,582 - __main__ - INFO - ..................................................
2018-10-25 14:17:45,582 - __main__ - INFO - --------------------------------------------------
2018-10-25 14:19:06,600 - __main__ - INFO - --------------------------------------------------
2018-10-25 14:19:06,600 - __main__ - INFO - ..................................................
2018-10-25 14:19:06,601 - __main__ - INFO - memo: 
2018-10-25 14:19:06,601 - __main__ - INFO - ..................................................
2018-10-25 14:19:06,601 - __main__ - INFO - --------------------------------------------------
2018-10-25 14:19:06,618 - __main__ - INFO - 
2018-10-25 14:19:06,618 - __main__ - INFO - --- Cross-validation started for 01234 ---
2018-10-25 14:19:06,618 - __main__ - INFO -  * feat_name: mine ---
2018-10-25 14:19:06,618 - __main__ - INFO -    - classifier: SVC ---
2018-10-25 14:19:06,618 - __main__ - INFO -      . task: ballroom_extended ---
2018-10-25 14:19:40,860 - __main__ - INFO - --------------------------------------------------
2018-10-25 14:19:40,860 - __main__ - INFO - ..................................................
2018-10-25 14:19:40,860 - __main__ - INFO - memo: 
2018-10-25 14:19:40,860 - __main__ - INFO - ..................................................
2018-10-25 14:19:40,860 - __main__ - INFO - --------------------------------------------------
2018-10-25 14:19:40,878 - __main__ - INFO - 
2018-10-25 14:19:40,878 - __main__ - INFO - --- Cross-validation started for 01234 ---
2018-10-25 14:19:40,878 - __main__ - INFO -  * feat_name: mine ---
2018-10-25 14:19:40,878 - __main__ - INFO -    - classifier: SVC ---
2018-10-25 14:19:40,878 - __main__ - INFO -      . task: ballroom_extended ---
2018-10-25 14:19:51,884 - __main__ - INFO - --------------------------------------------------
2018-10-25 14:19:51,884 - __main__ - INFO - ..................................................
2018-10-25 14:19:51,884 - __main__ - INFO - memo: 
2018-10-25 14:19:51,884 - __main__ - INFO - ..................................................
2018-10-25 14:19:51,884 - __main__ - INFO - --------------------------------------------------
2018-10-25 14:19:51,902 - __main__ - INFO - 
2018-10-25 14:19:51,902 - __main__ - INFO - --- Cross-validation started for 01234 ---
2018-10-25 14:19:51,902 - __main__ - INFO -  * feat_name: mine ---
2018-10-25 14:19:51,902 - __main__ - INFO -    - classifier: SVC ---
2018-10-25 14:19:51,902 - __main__ - INFO -      . task: ballroom_extended ---
2018-10-25 14:20:58,683 - __main__ - INFO - --------------------------------------------------
2018-10-25 14:20:58,683 - __main__ - INFO - ..................................................
2018-10-25 14:20:58,683 - __main__ - INFO - memo: 
2018-10-25 14:20:58,683 - __main__ - INFO - ..................................................
2018-10-25 14:20:58,683 - __main__ - INFO - --------------------------------------------------
2018-10-25 14:20:58,701 - __main__ - INFO - 
2018-10-25 14:20:58,701 - __main__ - INFO - --- Cross-validation started for 01234 ---
2018-10-25 14:20:58,701 - __main__ - INFO -  * feat_name: mine ---
2018-10-25 14:20:58,701 - __main__ - INFO -    - classifier: SVC ---
2018-10-25 14:20:58,701 - __main__ - INFO -      . task: gtzan_genre ---
