2018-10-25 14:32:35,089 - __main__ - INFO - --------------------------------------------------
2018-10-25 14:32:35,089 - __main__ - INFO - ..................................................
2018-10-25 14:32:35,089 - __main__ - INFO - memo: 
2018-10-25 14:32:35,089 - __main__ - INFO - ..................................................
2018-10-25 14:32:35,089 - __main__ - INFO - --------------------------------------------------
2018-10-25 14:32:35,107 - __main__ - INFO - 
2018-10-25 14:32:35,107 - __main__ - INFO - --- Cross-validation started for 01234 ---
2018-10-25 14:32:35,107 - __main__ - INFO -  * feat_name: mine ---
2018-10-25 14:32:35,107 - __main__ - INFO -    - classifier: SVC ---
2018-10-25 14:32:35,107 - __main__ - INFO -      . task: gtzan_speechmusic ---
2018-10-25 14:34:00,188 - __main__ - INFO - --------------------------------------------------
2018-10-25 14:34:00,188 - __main__ - INFO - ..................................................
2018-10-25 14:34:00,188 - __main__ - INFO - memo: 
2018-10-25 14:34:00,188 - __main__ - INFO - ..................................................
2018-10-25 14:34:00,188 - __main__ - INFO - --------------------------------------------------
2018-10-25 14:34:00,206 - __main__ - INFO - 
2018-10-25 14:34:00,206 - __main__ - INFO - --- Cross-validation started for 01234 ---
2018-10-25 14:34:00,206 - __main__ - INFO -  * feat_name: mine ---
2018-10-25 14:34:00,206 - __main__ - INFO -    - classifier: SVC ---
2018-10-25 14:34:00,206 - __main__ - INFO -      . task: gtzan_speechmusic ---
2018-10-25 14:34:26,198 - __main__ - INFO -      . best score 0.9921875
2018-10-25 14:34:26,198 - __main__ - INFO - {'stdd__on': True, 'clf__C': 0.1, 'clf__kernel': 'linear'}
